mode: set
github.com/heathcliff26/cloudflare-dyndns/cmd/main.go:7.13,9.2 1 0
github.com/heathcliff26/cloudflare-dyndns/pkg/cloudflare-dyndns/root.go:14.38,16.32 1 1
github.com/heathcliff26/cloudflare-dyndns/pkg/cloudflare-dyndns/root.go:16.32,18.4 1 0
github.com/heathcliff26/cloudflare-dyndns/pkg/cloudflare-dyndns/root.go:21.2,24.52 1 1
github.com/heathcliff26/cloudflare-dyndns/pkg/cloudflare-dyndns/root.go:24.52,26.4 1 0
github.com/heathcliff26/cloudflare-dyndns/pkg/cloudflare-dyndns/root.go:29.2,30.16 2 1
github.com/heathcliff26/cloudflare-dyndns/pkg/cloudflare-dyndns/root.go:30.16,32.3 1 0
github.com/heathcliff26/cloudflare-dyndns/pkg/cloudflare-dyndns/root.go:34.2,35.16 2 1
github.com/heathcliff26/cloudflare-dyndns/pkg/cloudflare-dyndns/root.go:35.16,37.3 1 0
github.com/heathcliff26/cloudflare-dyndns/pkg/cloudflare-dyndns/root.go:39.2,40.16 2 1
github.com/heathcliff26/cloudflare-dyndns/pkg/cloudflare-dyndns/root.go:40.16,42.3 1 0
github.com/heathcliff26/cloudflare-dyndns/pkg/cloudflare-dyndns/root.go:44.2,51.16 2 1
github.com/heathcliff26/cloudflare-dyndns/pkg/cloudflare-dyndns/root.go:54.16,57.16 3 0
github.com/heathcliff26/cloudflare-dyndns/pkg/cloudflare-dyndns/root.go:57.16,59.3 1 0
github.com/heathcliff26/cloudflare-dyndns/pkg/cloudflare-dyndns/root.go:63.47,66.2 2 0
github.com/heathcliff26/cloudflare-dyndns/pkg/config/config.go:27.13,34.2 4 1
github.com/heathcliff26/cloudflare-dyndns/pkg/config/config.go:65.41,66.81 1 1
github.com/heathcliff26/cloudflare-dyndns/pkg/config/config.go:66.81,68.3 1 1
github.com/heathcliff26/cloudflare-dyndns/pkg/config/config.go:69.2,76.12 2 1
github.com/heathcliff26/cloudflare-dyndns/pkg/config/config.go:80.41,81.26 1 1
github.com/heathcliff26/cloudflare-dyndns/pkg/config/config.go:81.26,83.3 1 1
github.com/heathcliff26/cloudflare-dyndns/pkg/config/config.go:85.2,85.58 1 1
github.com/heathcliff26/cloudflare-dyndns/pkg/config/config.go:85.58,87.3 1 1
github.com/heathcliff26/cloudflare-dyndns/pkg/config/config.go:89.2,89.55 1 1
github.com/heathcliff26/cloudflare-dyndns/pkg/config/config.go:89.55,91.3 1 1
github.com/heathcliff26/cloudflare-dyndns/pkg/config/config.go:93.2,100.12 2 1
github.com/heathcliff26/cloudflare-dyndns/pkg/config/config.go:104.29,113.2 1 1
github.com/heathcliff26/cloudflare-dyndns/pkg/config/config.go:121.69,124.39 2 1
github.com/heathcliff26/cloudflare-dyndns/pkg/config/config.go:124.39,127.3 2 1
github.com/heathcliff26/cloudflare-dyndns/pkg/config/config.go:129.2,130.16 2 1
github.com/heathcliff26/cloudflare-dyndns/pkg/config/config.go:130.16,132.3 1 1
github.com/heathcliff26/cloudflare-dyndns/pkg/config/config.go:134.2,134.9 1 1
github.com/heathcliff26/cloudflare-dyndns/pkg/config/config.go:134.9,136.3 1 1
github.com/heathcliff26/cloudflare-dyndns/pkg/config/config.go:138.2,139.16 2 1
github.com/heathcliff26/cloudflare-dyndns/pkg/config/config.go:139.16,141.3 1 1
github.com/heathcliff26/cloudflare-dyndns/pkg/config/config.go:143.2,144.16 2 1
github.com/heathcliff26/cloudflare-dyndns/pkg/config/config.go:144.16,146.3 1 0
github.com/heathcliff26/cloudflare-dyndns/pkg/config/config.go:148.2,148.14 1 1
github.com/heathcliff26/cloudflare-dyndns/pkg/config/config.go:149.19,150.27 1 1
github.com/heathcliff26/cloudflare-dyndns/pkg/config/config.go:151.31,152.27 1 1
github.com/heathcliff26/cloudflare-dyndns/pkg/config/config.go:154.2,154.16 1 1
github.com/heathcliff26/cloudflare-dyndns/pkg/config/config.go:154.16,156.3 1 1
github.com/heathcliff26/cloudflare-dyndns/pkg/config/config.go:158.2,158.51 1 1
github.com/heathcliff26/cloudflare-dyndns/pkg/config/config.go:158.51,160.3 1 1
github.com/heathcliff26/cloudflare-dyndns/pkg/config/config.go:162.2,162.15 1 1
github.com/heathcliff26/cloudflare-dyndns/pkg/config/config.go:166.38,167.32 1 1
github.com/heathcliff26/cloudflare-dyndns/pkg/config/config.go:168.15,169.32 1 1
github.com/heathcliff26/cloudflare-dyndns/pkg/config/config.go:170.14,171.31 1 1
github.com/heathcliff26/cloudflare-dyndns/pkg/config/config.go:172.14,173.31 1 1
github.com/heathcliff26/cloudflare-dyndns/pkg/config/config.go:174.15,175.32 1 1
github.com/heathcliff26/cloudflare-dyndns/pkg/config/config.go:176.10,177.36 1 1
github.com/heathcliff26/cloudflare-dyndns/pkg/config/config.go:179.2,179.12 1 1
github.com/heathcliff26/cloudflare-dyndns/pkg/config/errors.go:9.45,11.2 1 0
github.com/heathcliff26/cloudflare-dyndns/pkg/config/errors.go:17.45,19.2 1 0
github.com/heathcliff26/cloudflare-dyndns/pkg/config/errors.go:23.48,25.2 1 0
github.com/heathcliff26/cloudflare-dyndns/pkg/client/client.go:29.75,30.17 1 1
github.com/heathcliff26/cloudflare-dyndns/pkg/client/client.go:30.17,32.3 1 1
github.com/heathcliff26/cloudflare-dyndns/pkg/client/client.go:34.2,43.16 5 0
github.com/heathcliff26/cloudflare-dyndns/pkg/client/client.go:43.16,45.3 1 0
github.com/heathcliff26/cloudflare-dyndns/pkg/client/client.go:46.2,46.15 1 0
github.com/heathcliff26/cloudflare-dyndns/pkg/client/client.go:50.54,52.2 1 1
github.com/heathcliff26/cloudflare-dyndns/pkg/client/client.go:55.110,60.16 4 1
github.com/heathcliff26/cloudflare-dyndns/pkg/client/client.go:60.16,62.3 1 0
github.com/heathcliff26/cloudflare-dyndns/pkg/client/client.go:63.2,64.59 2 1
github.com/heathcliff26/cloudflare-dyndns/pkg/client/client.go:64.59,66.3 1 1
github.com/heathcliff26/cloudflare-dyndns/pkg/client/client.go:68.2,72.16 3 1
github.com/heathcliff26/cloudflare-dyndns/pkg/client/client.go:72.16,74.3 1 0
github.com/heathcliff26/cloudflare-dyndns/pkg/client/client.go:75.2,76.27 2 1
github.com/heathcliff26/cloudflare-dyndns/pkg/client/client.go:76.27,78.3 1 0
github.com/heathcliff26/cloudflare-dyndns/pkg/client/client.go:80.2,82.16 3 1
github.com/heathcliff26/cloudflare-dyndns/pkg/client/client.go:82.16,84.3 1 0
github.com/heathcliff26/cloudflare-dyndns/pkg/client/client.go:85.2,85.21 1 1
github.com/heathcliff26/cloudflare-dyndns/pkg/client/client.go:85.21,87.3 1 0
github.com/heathcliff26/cloudflare-dyndns/pkg/client/client.go:88.2,88.20 1 1
github.com/heathcliff26/cloudflare-dyndns/pkg/client/client.go:93.69,99.16 5 1
github.com/heathcliff26/cloudflare-dyndns/pkg/client/client.go:99.16,101.3 1 0
github.com/heathcliff26/cloudflare-dyndns/pkg/client/client.go:103.2,105.16 3 1
github.com/heathcliff26/cloudflare-dyndns/pkg/client/client.go:105.16,107.3 1 0
github.com/heathcliff26/cloudflare-dyndns/pkg/client/client.go:107.8,107.27 1 1
github.com/heathcliff26/cloudflare-dyndns/pkg/client/client.go:107.27,109.3 1 0
github.com/heathcliff26/cloudflare-dyndns/pkg/client/client.go:110.2,110.25 1 1
github.com/heathcliff26/cloudflare-dyndns/pkg/client/client.go:114.95,122.16 4 1
github.com/heathcliff26/cloudflare-dyndns/pkg/client/client.go:122.16,124.3 1 0
github.com/heathcliff26/cloudflare-dyndns/pkg/client/client.go:126.2,128.16 3 1
github.com/heathcliff26/cloudflare-dyndns/pkg/client/client.go:128.16,130.3 1 0
github.com/heathcliff26/cloudflare-dyndns/pkg/client/client.go:131.2,131.21 1 1
github.com/heathcliff26/cloudflare-dyndns/pkg/client/client.go:137.111,140.20 3 1
github.com/heathcliff26/cloudflare-dyndns/pkg/client/client.go:140.20,143.3 2 1
github.com/heathcliff26/cloudflare-dyndns/pkg/client/client.go:144.2,145.23 2 1
github.com/heathcliff26/cloudflare-dyndns/pkg/client/client.go:145.23,147.3 1 1
github.com/heathcliff26/cloudflare-dyndns/pkg/client/client.go:147.8,147.33 1 1
github.com/heathcliff26/cloudflare-dyndns/pkg/client/client.go:147.33,149.3 1 1
github.com/heathcliff26/cloudflare-dyndns/pkg/client/client.go:151.2,160.16 3 1
github.com/heathcliff26/cloudflare-dyndns/pkg/client/client.go:160.16,162.3 1 0
github.com/heathcliff26/cloudflare-dyndns/pkg/client/client.go:164.2,173.16 3 1
github.com/heathcliff26/cloudflare-dyndns/pkg/client/client.go:173.16,175.3 1 0
github.com/heathcliff26/cloudflare-dyndns/pkg/client/client.go:176.2,176.12 1 1
github.com/heathcliff26/cloudflare-dyndns/pkg/client/client.go:181.43,183.16 2 1
github.com/heathcliff26/cloudflare-dyndns/pkg/client/client.go:183.16,185.3 1 1
github.com/heathcliff26/cloudflare-dyndns/pkg/client/client.go:186.2,186.44 1 1
github.com/heathcliff26/cloudflare-dyndns/pkg/client/client.go:186.44,188.17 2 1
github.com/heathcliff26/cloudflare-dyndns/pkg/client/client.go:188.17,190.4 1 0
github.com/heathcliff26/cloudflare-dyndns/pkg/client/client.go:192.3,193.17 2 1
github.com/heathcliff26/cloudflare-dyndns/pkg/client/client.go:193.17,195.4 1 0
github.com/heathcliff26/cloudflare-dyndns/pkg/client/client.go:198.3,199.34 2 1
github.com/heathcliff26/cloudflare-dyndns/pkg/client/client.go:199.34,206.23 2 1
github.com/heathcliff26/cloudflare-dyndns/pkg/client/client.go:207.13,208.30 1 1
github.com/heathcliff26/cloudflare-dyndns/pkg/client/client.go:208.30,209.14 1 1
github.com/heathcliff26/cloudflare-dyndns/pkg/client/client.go:212.5,213.42 2 1
github.com/heathcliff26/cloudflare-dyndns/pkg/client/client.go:213.42,214.14 1 1
github.com/heathcliff26/cloudflare-dyndns/pkg/client/client.go:216.16,217.30 1 1
github.com/heathcliff26/cloudflare-dyndns/pkg/client/client.go:217.30,218.14 1 1
github.com/heathcliff26/cloudflare-dyndns/pkg/client/client.go:221.5,222.42 2 1
github.com/heathcliff26/cloudflare-dyndns/pkg/client/client.go:222.42,223.14 1 1
github.com/heathcliff26/cloudflare-dyndns/pkg/client/client.go:225.12,226.13 1 0
github.com/heathcliff26/cloudflare-dyndns/pkg/client/client.go:228.4,229.18 2 1
github.com/heathcliff26/cloudflare-dyndns/pkg/client/client.go:229.18,231.5 1 0
github.com/heathcliff26/cloudflare-dyndns/pkg/client/client.go:235.3,235.35 1 1
github.com/heathcliff26/cloudflare-dyndns/pkg/client/client.go:235.35,237.18 2 1
github.com/heathcliff26/cloudflare-dyndns/pkg/client/client.go:237.18,239.5 1 0
github.com/heathcliff26/cloudflare-dyndns/pkg/client/client.go:242.3,242.35 1 1
github.com/heathcliff26/cloudflare-dyndns/pkg/client/client.go:242.35,244.18 2 1
github.com/heathcliff26/cloudflare-dyndns/pkg/client/client.go:244.18,246.5 1 0
github.com/heathcliff26/cloudflare-dyndns/pkg/client/client.go:249.2,249.12 1 1
github.com/heathcliff26/cloudflare-dyndns/pkg/client/cmd.go:17.43,21.52 1 0
github.com/heathcliff26/cloudflare-dyndns/pkg/client/cmd.go:21.52,23.18 2 0
github.com/heathcliff26/cloudflare-dyndns/pkg/client/cmd.go:23.18,25.5 1 0
github.com/heathcliff26/cloudflare-dyndns/pkg/client/cmd.go:27.4,28.18 2 0
github.com/heathcliff26/cloudflare-dyndns/pkg/client/cmd.go:28.18,30.5 1 0
github.com/heathcliff26/cloudflare-dyndns/pkg/client/cmd.go:32.4,33.14 2 0
github.com/heathcliff26/cloudflare-dyndns/pkg/client/cmd.go:37.2,39.16 3 0
github.com/heathcliff26/cloudflare-dyndns/pkg/client/cmd.go:39.16,41.3 1 0
github.com/heathcliff26/cloudflare-dyndns/pkg/client/cmd.go:42.2,43.16 2 0
github.com/heathcliff26/cloudflare-dyndns/pkg/client/cmd.go:43.16,45.3 1 0
github.com/heathcliff26/cloudflare-dyndns/pkg/client/cmd.go:47.2,49.17 2 0
github.com/heathcliff26/cloudflare-dyndns/pkg/client/cmd.go:52.39,54.16 2 0
github.com/heathcliff26/cloudflare-dyndns/pkg/client/cmd.go:54.16,57.3 2 0
github.com/heathcliff26/cloudflare-dyndns/pkg/client/cmd.go:59.2,60.16 2 0
github.com/heathcliff26/cloudflare-dyndns/pkg/client/cmd.go:60.16,63.3 2 0
github.com/heathcliff26/cloudflare-dyndns/pkg/client/cmd.go:64.2,65.36 2 0
github.com/heathcliff26/cloudflare-dyndns/pkg/client/utils.go:6.42,10.11 3 1
github.com/heathcliff26/cloudflare-dyndns/pkg/client/utils.go:10.11,12.3 1 1
github.com/heathcliff26/cloudflare-dyndns/pkg/client/utils.go:13.2,13.35 1 1
github.com/heathcliff26/cloudflare-dyndns/pkg/dyndns/dyndns.go:24.44,26.2 1 1
github.com/heathcliff26/cloudflare-dyndns/pkg/dyndns/dyndns.go:28.35,30.2 1 1
github.com/heathcliff26/cloudflare-dyndns/pkg/dyndns/dyndns.go:32.41,34.2 1 1
github.com/heathcliff26/cloudflare-dyndns/pkg/dyndns/dyndns.go:36.36,38.2 1 1
github.com/heathcliff26/cloudflare-dyndns/pkg/dyndns/dyndns.go:40.36,42.2 1 1
github.com/heathcliff26/cloudflare-dyndns/pkg/dyndns/dyndns.go:45.43,47.2 1 1
github.com/heathcliff26/cloudflare-dyndns/pkg/dyndns/dyndns.go:50.51,52.2 1 1
github.com/heathcliff26/cloudflare-dyndns/pkg/dyndns/dyndns.go:55.47,56.22 1 1
github.com/heathcliff26/cloudflare-dyndns/pkg/dyndns/dyndns.go:56.22,58.3 1 1
github.com/heathcliff26/cloudflare-dyndns/pkg/dyndns/dyndns.go:58.8,60.3 1 1
github.com/heathcliff26/cloudflare-dyndns/pkg/dyndns/dyndns.go:65.48,66.34 1 1
github.com/heathcliff26/cloudflare-dyndns/pkg/dyndns/dyndns.go:66.34,68.3 1 0
github.com/heathcliff26/cloudflare-dyndns/pkg/dyndns/dyndns.go:69.2,70.12 2 1
github.com/heathcliff26/cloudflare-dyndns/pkg/dyndns/dyndns.go:75.48,76.34 1 1
github.com/heathcliff26/cloudflare-dyndns/pkg/dyndns/dyndns.go:76.34,78.3 1 0
github.com/heathcliff26/cloudflare-dyndns/pkg/dyndns/dyndns.go:79.2,80.12 2 1
github.com/heathcliff26/cloudflare-dyndns/pkg/dyndns/dyndns.go:85.40,86.38 1 1
github.com/heathcliff26/cloudflare-dyndns/pkg/dyndns/dyndns.go:86.38,88.3 1 1
github.com/heathcliff26/cloudflare-dyndns/pkg/dyndns/dyndns.go:89.2,89.49 1 1
github.com/heathcliff26/cloudflare-dyndns/pkg/dyndns/dyndns.go:89.49,91.3 1 1
github.com/heathcliff26/cloudflare-dyndns/pkg/dyndns/dyndns.go:92.2,92.12 1 1
github.com/heathcliff26/cloudflare-dyndns/pkg/dyndns/dyndns.go:96.41,98.16 2 1
github.com/heathcliff26/cloudflare-dyndns/pkg/dyndns/dyndns.go:98.16,101.3 2 0
github.com/heathcliff26/cloudflare-dyndns/pkg/dyndns/dyndns.go:102.2,103.16 2 1
github.com/heathcliff26/cloudflare-dyndns/pkg/dyndns/dyndns.go:103.16,106.3 2 0
github.com/heathcliff26/cloudflare-dyndns/pkg/dyndns/dyndns.go:108.2,109.40 2 1
github.com/heathcliff26/cloudflare-dyndns/pkg/dyndns/dyndns.go:109.40,111.17 2 1
github.com/heathcliff26/cloudflare-dyndns/pkg/dyndns/dyndns.go:111.17,114.4 2 0
github.com/heathcliff26/cloudflare-dyndns/pkg/dyndns/dyndns.go:116.2,116.40 1 1
github.com/heathcliff26/cloudflare-dyndns/pkg/dyndns/dyndns.go:116.40,118.17 2 0
github.com/heathcliff26/cloudflare-dyndns/pkg/dyndns/dyndns.go:118.17,121.4 2 0
github.com/heathcliff26/cloudflare-dyndns/pkg/dyndns/dyndns.go:124.2,124.26 1 1
github.com/heathcliff26/cloudflare-dyndns/pkg/dyndns/dyndns.go:124.26,131.17 4 1
github.com/heathcliff26/cloudflare-dyndns/pkg/dyndns/dyndns.go:131.17,133.4 1 1
github.com/heathcliff26/cloudflare-dyndns/pkg/dyndns/dyndns.go:133.9,136.4 2 1
github.com/heathcliff26/cloudflare-dyndns/pkg/dyndns/dyndns.go:137.8,139.3 1 1
github.com/heathcliff26/cloudflare-dyndns/pkg/dyndns/dyndns.go:146.44,151.6 4 0
github.com/heathcliff26/cloudflare-dyndns/pkg/dyndns/dyndns.go:151.6,155.30 3 0
github.com/heathcliff26/cloudflare-dyndns/pkg/dyndns/dyndns.go:155.30,157.11 2 0
github.com/heathcliff26/cloudflare-dyndns/pkg/dyndns/dyndns.go:158.19,159.50 1 0
github.com/heathcliff26/cloudflare-dyndns/pkg/dyndns/dyndns.go:160.16,163.11 3 0
github.com/heathcliff26/cloudflare-dyndns/pkg/dyndns/errors.go:10.41,12.2 1 0
github.com/heathcliff26/cloudflare-dyndns/pkg/dyndns/errors.go:16.44,18.2 1 0
github.com/heathcliff26/cloudflare-dyndns/pkg/dyndns/errors.go:24.39,26.2 1 0
github.com/heathcliff26/cloudflare-dyndns/pkg/dyndns/errors.go:30.33,32.2 1 0
github.com/heathcliff26/cloudflare-dyndns/pkg/dyndns/errors.go:36.37,38.2 1 0
github.com/heathcliff26/cloudflare-dyndns/pkg/dyndns/errors.go:47.87,50.16 3 1
github.com/heathcliff26/cloudflare-dyndns/pkg/dyndns/errors.go:50.16,52.3 1 0
github.com/heathcliff26/cloudflare-dyndns/pkg/dyndns/errors.go:52.8,54.3 1 1
github.com/heathcliff26/cloudflare-dyndns/pkg/dyndns/errors.go:55.2,58.3 1 1
github.com/heathcliff26/cloudflare-dyndns/pkg/dyndns/errors.go:61.47,63.2 1 0
github.com/heathcliff26/cloudflare-dyndns/pkg/dyndns/errors.go:70.67,73.16 3 1
github.com/heathcliff26/cloudflare-dyndns/pkg/dyndns/errors.go:73.16,75.3 1 0
github.com/heathcliff26/cloudflare-dyndns/pkg/dyndns/errors.go:75.8,77.3 1 1
github.com/heathcliff26/cloudflare-dyndns/pkg/dyndns/errors.go:78.2,80.3 1 1
github.com/heathcliff26/cloudflare-dyndns/pkg/dyndns/errors.go:83.45,85.2 1 0
github.com/heathcliff26/cloudflare-dyndns/pkg/dyndns/testclient.go:14.62,15.17 1 1
github.com/heathcliff26/cloudflare-dyndns/pkg/dyndns/testclient.go:15.17,17.3 1 1
github.com/heathcliff26/cloudflare-dyndns/pkg/dyndns/testclient.go:18.2,21.8 1 1
github.com/heathcliff26/cloudflare-dyndns/pkg/dyndns/testclient.go:25.41,27.2 1 1
github.com/heathcliff26/cloudflare-dyndns/pkg/dyndns/testclient.go:30.37,32.16 2 1
github.com/heathcliff26/cloudflare-dyndns/pkg/dyndns/testclient.go:32.16,34.3 1 0
github.com/heathcliff26/cloudflare-dyndns/pkg/dyndns/testclient.go:35.2,35.18 1 1
github.com/heathcliff26/cloudflare-dyndns/pkg/dyndns/testclient.go:35.18,37.3 1 1
github.com/heathcliff26/cloudflare-dyndns/pkg/dyndns/testclient.go:38.2,40.12 2 1
github.com/heathcliff26/cloudflare-dyndns/pkg/dyndns/utils.go:11.30,13.2 1 1
github.com/heathcliff26/cloudflare-dyndns/pkg/dyndns/utils.go:16.32,18.2 1 1
github.com/heathcliff26/cloudflare-dyndns/pkg/dyndns/utils.go:21.32,23.2 1 1
github.com/heathcliff26/cloudflare-dyndns/pkg/dyndns/utils.go:26.28,28.16 2 1
github.com/heathcliff26/cloudflare-dyndns/pkg/dyndns/utils.go:28.16,30.3 1 1
github.com/heathcliff26/cloudflare-dyndns/pkg/dyndns/utils.go:31.2,32.13 2 0
github.com/heathcliff26/cloudflare-dyndns/pkg/dyndns/utils.go:36.50,38.16 2 1
github.com/heathcliff26/cloudflare-dyndns/pkg/dyndns/utils.go:38.16,40.3 1 0
github.com/heathcliff26/cloudflare-dyndns/pkg/dyndns/utils.go:41.2,41.27 1 1
github.com/heathcliff26/cloudflare-dyndns/pkg/dyndns/utils.go:41.27,43.3 1 0
github.com/heathcliff26/cloudflare-dyndns/pkg/dyndns/utils.go:45.2,46.16 2 1
github.com/heathcliff26/cloudflare-dyndns/pkg/dyndns/utils.go:46.16,48.3 1 0
github.com/heathcliff26/cloudflare-dyndns/pkg/dyndns/utils.go:49.2,50.18 2 1
github.com/heathcliff26/cloudflare-dyndns/pkg/dyndns/utils.go:50.18,52.3 1 0
github.com/heathcliff26/cloudflare-dyndns/pkg/dyndns/utils.go:54.2,54.16 1 1
github.com/heathcliff26/cloudflare-dyndns/pkg/dyndns/utils.go:58.38,60.2 1 1
github.com/heathcliff26/cloudflare-dyndns/pkg/dyndns/utils.go:63.38,64.23 1 1
github.com/heathcliff26/cloudflare-dyndns/pkg/dyndns/utils.go:64.23,66.3 1 1
github.com/heathcliff26/cloudflare-dyndns/pkg/dyndns/utils.go:67.2,67.28 1 0
github.com/heathcliff26/cloudflare-dyndns/pkg/relay/cmd.go:17.43,21.52 1 0
github.com/heathcliff26/cloudflare-dyndns/pkg/relay/cmd.go:21.52,23.18 2 0
github.com/heathcliff26/cloudflare-dyndns/pkg/relay/cmd.go:23.18,25.5 1 0
github.com/heathcliff26/cloudflare-dyndns/pkg/relay/cmd.go:27.4,28.18 2 0
github.com/heathcliff26/cloudflare-dyndns/pkg/relay/cmd.go:28.18,30.5 1 0
github.com/heathcliff26/cloudflare-dyndns/pkg/relay/cmd.go:32.4,33.14 2 0
github.com/heathcliff26/cloudflare-dyndns/pkg/relay/cmd.go:37.2,39.16 3 0
github.com/heathcliff26/cloudflare-dyndns/pkg/relay/cmd.go:39.16,41.3 1 0
github.com/heathcliff26/cloudflare-dyndns/pkg/relay/cmd.go:42.2,43.16 2 0
github.com/heathcliff26/cloudflare-dyndns/pkg/relay/cmd.go:43.16,45.3 1 0
github.com/heathcliff26/cloudflare-dyndns/pkg/relay/cmd.go:47.2,49.17 2 0
github.com/heathcliff26/cloudflare-dyndns/pkg/relay/cmd.go:52.39,54.16 2 0
github.com/heathcliff26/cloudflare-dyndns/pkg/relay/cmd.go:54.16,57.3 2 0
github.com/heathcliff26/cloudflare-dyndns/pkg/relay/cmd.go:59.2,60.16 2 0
github.com/heathcliff26/cloudflare-dyndns/pkg/relay/cmd.go:60.16,63.3 2 0
github.com/heathcliff26/cloudflare-dyndns/pkg/relay/cmd.go:64.2,65.36 2 0
github.com/heathcliff26/cloudflare-dyndns/pkg/relay/relay.go:20.81,21.17 1 1
github.com/heathcliff26/cloudflare-dyndns/pkg/relay/relay.go:21.17,23.3 1 1
github.com/heathcliff26/cloudflare-dyndns/pkg/relay/relay.go:24.2,24.20 1 1
github.com/heathcliff26/cloudflare-dyndns/pkg/relay/relay.go:24.20,26.3 1 1
github.com/heathcliff26/cloudflare-dyndns/pkg/relay/relay.go:27.2,31.8 1 0
github.com/heathcliff26/cloudflare-dyndns/pkg/relay/relay.go:34.35,36.2 1 1
github.com/heathcliff26/cloudflare-dyndns/pkg/relay/relay.go:39.43,41.2 1 1
github.com/heathcliff26/cloudflare-dyndns/pkg/relay/relay.go:43.32,45.16 2 1
github.com/heathcliff26/cloudflare-dyndns/pkg/relay/relay.go:45.16,47.3 1 0
github.com/heathcliff26/cloudflare-dyndns/pkg/relay/relay.go:48.2,56.16 3 1
github.com/heathcliff26/cloudflare-dyndns/pkg/relay/relay.go:56.16,58.3 1 0
github.com/heathcliff26/cloudflare-dyndns/pkg/relay/relay.go:60.2,61.16 2 1
github.com/heathcliff26/cloudflare-dyndns/pkg/relay/relay.go:61.16,63.3 1 0
github.com/heathcliff26/cloudflare-dyndns/pkg/relay/relay.go:64.2,70.16 4 1
github.com/heathcliff26/cloudflare-dyndns/pkg/relay/relay.go:70.16,72.3 1 0
github.com/heathcliff26/cloudflare-dyndns/pkg/relay/relay.go:73.2,74.27 2 1
github.com/heathcliff26/cloudflare-dyndns/pkg/relay/relay.go:74.27,76.3 1 0
github.com/heathcliff26/cloudflare-dyndns/pkg/relay/relay.go:78.2,80.16 3 1
github.com/heathcliff26/cloudflare-dyndns/pkg/relay/relay.go:80.16,82.3 1 0
github.com/heathcliff26/cloudflare-dyndns/pkg/relay/relay.go:83.2,83.21 1 1
github.com/heathcliff26/cloudflare-dyndns/pkg/relay/relay.go:83.21,85.3 1 0
github.com/heathcliff26/cloudflare-dyndns/pkg/relay/relay.go:86.2,86.12 1 1
github.com/heathcliff26/cloudflare-dyndns/pkg/server/cmd.go:16.43,20.52 1 0
github.com/heathcliff26/cloudflare-dyndns/pkg/server/cmd.go:20.52,22.18 2 0
github.com/heathcliff26/cloudflare-dyndns/pkg/server/cmd.go:22.18,24.5 1 0
github.com/heathcliff26/cloudflare-dyndns/pkg/server/cmd.go:26.4,27.18 2 0
github.com/heathcliff26/cloudflare-dyndns/pkg/server/cmd.go:27.18,29.5 1 0
github.com/heathcliff26/cloudflare-dyndns/pkg/server/cmd.go:31.4,32.14 2 0
github.com/heathcliff26/cloudflare-dyndns/pkg/server/cmd.go:36.2,38.16 3 0
github.com/heathcliff26/cloudflare-dyndns/pkg/server/cmd.go:38.16,40.3 1 0
github.com/heathcliff26/cloudflare-dyndns/pkg/server/cmd.go:42.2,44.17 2 0
github.com/heathcliff26/cloudflare-dyndns/pkg/server/cmd.go:47.39,49.16 2 0
github.com/heathcliff26/cloudflare-dyndns/pkg/server/cmd.go:49.16,52.3 2 0
github.com/heathcliff26/cloudflare-dyndns/pkg/server/cmd.go:54.2,56.16 3 0
github.com/heathcliff26/cloudflare-dyndns/pkg/server/cmd.go:56.16,59.3 2 0
github.com/heathcliff26/cloudflare-dyndns/pkg/server/server.go:46.47,53.2 1 0
github.com/heathcliff26/cloudflare-dyndns/pkg/server/server.go:55.53,57.28 2 1
github.com/heathcliff26/cloudflare-dyndns/pkg/server/server.go:57.28,59.3 1 1
github.com/heathcliff26/cloudflare-dyndns/pkg/server/server.go:60.2,60.10 1 1
github.com/heathcliff26/cloudflare-dyndns/pkg/server/server.go:64.62,65.25 1 1
github.com/heathcliff26/cloudflare-dyndns/pkg/server/server.go:65.25,67.3 1 1
github.com/heathcliff26/cloudflare-dyndns/pkg/server/server.go:69.2,69.33 1 1
github.com/heathcliff26/cloudflare-dyndns/pkg/server/server.go:69.33,73.36 4 1
github.com/heathcliff26/cloudflare-dyndns/pkg/server/server.go:73.36,74.20 1 1
github.com/heathcliff26/cloudflare-dyndns/pkg/server/server.go:74.20,76.5 1 1
github.com/heathcliff26/cloudflare-dyndns/pkg/server/server.go:76.10,78.5 1 1
github.com/heathcliff26/cloudflare-dyndns/pkg/server/server.go:79.4,79.25 1 1
github.com/heathcliff26/cloudflare-dyndns/pkg/server/server.go:79.25,81.10 2 1
github.com/heathcliff26/cloudflare-dyndns/pkg/server/server.go:84.3,84.16 1 1
github.com/heathcliff26/cloudflare-dyndns/pkg/server/server.go:84.16,86.4 1 1
github.com/heathcliff26/cloudflare-dyndns/pkg/server/server.go:88.2,88.13 1 1
github.com/heathcliff26/cloudflare-dyndns/pkg/server/server.go:92.76,93.52 1 1
github.com/heathcliff26/cloudflare-dyndns/pkg/server/server.go:93.52,96.3 2 1
github.com/heathcliff26/cloudflare-dyndns/pkg/server/server.go:98.2,98.67 1 1
github.com/heathcliff26/cloudflare-dyndns/pkg/server/server.go:98.67,103.3 4 1
github.com/heathcliff26/cloudflare-dyndns/pkg/server/server.go:105.2,105.91 1 1
github.com/heathcliff26/cloudflare-dyndns/pkg/server/server.go:105.91,110.3 4 1
github.com/heathcliff26/cloudflare-dyndns/pkg/server/server.go:113.2,114.35 2 1
github.com/heathcliff26/cloudflare-dyndns/pkg/server/server.go:114.35,116.17 2 1
github.com/heathcliff26/cloudflare-dyndns/pkg/server/server.go:116.17,121.4 4 1
github.com/heathcliff26/cloudflare-dyndns/pkg/server/server.go:122.8,124.17 2 1
github.com/heathcliff26/cloudflare-dyndns/pkg/server/server.go:124.17,129.4 4 1
github.com/heathcliff26/cloudflare-dyndns/pkg/server/server.go:132.2,132.45 1 1
github.com/heathcliff26/cloudflare-dyndns/pkg/server/server.go:132.45,137.3 4 1
github.com/heathcliff26/cloudflare-dyndns/pkg/server/server.go:140.2,141.16 2 1
github.com/heathcliff26/cloudflare-dyndns/pkg/server/server.go:141.16,146.3 4 1
github.com/heathcliff26/cloudflare-dyndns/pkg/server/server.go:147.2,148.16 2 1
github.com/heathcliff26/cloudflare-dyndns/pkg/server/server.go:148.16,153.3 4 1
github.com/heathcliff26/cloudflare-dyndns/pkg/server/server.go:154.2,155.16 2 1
github.com/heathcliff26/cloudflare-dyndns/pkg/server/server.go:155.16,160.3 4 1
github.com/heathcliff26/cloudflare-dyndns/pkg/server/server.go:161.2,165.16 3 1
github.com/heathcliff26/cloudflare-dyndns/pkg/server/server.go:165.16,166.21 1 1
github.com/heathcliff26/cloudflare-dyndns/pkg/server/server.go:167.23,171.10 4 1
github.com/heathcliff26/cloudflare-dyndns/pkg/server/server.go:172.27,176.10 4 1
github.com/heathcliff26/cloudflare-dyndns/pkg/server/server.go:177.11,186.10 4 0
github.com/heathcliff26/cloudflare-dyndns/pkg/server/server.go:189.2,195.41 2 1
github.com/heathcliff26/cloudflare-dyndns/pkg/server/server.go:199.30,203.19 3 0
github.com/heathcliff26/cloudflare-dyndns/pkg/server/server.go:203.19,205.3 1 0
github.com/heathcliff26/cloudflare-dyndns/pkg/server/server.go:205.8,207.3 1 0
github.com/heathcliff26/cloudflare-dyndns/pkg/server/server.go:209.2,209.42 1 0
github.com/heathcliff26/cloudflare-dyndns/pkg/server/server.go:209.42,212.3 2 0
github.com/heathcliff26/cloudflare-dyndns/pkg/server/server.go:213.2,213.12 1 0
github.com/heathcliff26/cloudflare-dyndns/pkg/server/utils.go:18.69,22.16 3 1
github.com/heathcliff26/cloudflare-dyndns/pkg/server/utils.go:22.16,23.14 1 0
github.com/heathcliff26/cloudflare-dyndns/pkg/server/utils.go:23.14,25.4 1 0
github.com/heathcliff26/cloudflare-dyndns/pkg/server/utils.go:26.3,27.9 2 0
github.com/heathcliff26/cloudflare-dyndns/pkg/server/utils.go:30.2,31.16 2 1
github.com/heathcliff26/cloudflare-dyndns/pkg/server/utils.go:31.16,33.3 1 0
github.com/heathcliff26/cloudflare-dyndns/pkg/server/utils.go:37.64,39.25 2 1
github.com/heathcliff26/cloudflare-dyndns/pkg/server/utils.go:39.25,41.3 1 1
github.com/heathcliff26/cloudflare-dyndns/pkg/server/utils.go:41.8,44.3 1 1
github.com/heathcliff26/cloudflare-dyndns/pkg/server/utils.go:45.2,46.27 2 1
github.com/heathcliff26/cloudflare-dyndns/pkg/server/utils.go:46.27,48.3 1 1
github.com/heathcliff26/cloudflare-dyndns/pkg/server/utils.go:48.8,51.3 1 1
github.com/heathcliff26/cloudflare-dyndns/pkg/server/utils.go:52.2,53.24 2 1
github.com/heathcliff26/cloudflare-dyndns/pkg/server/utils.go:53.24,55.3 1 1
github.com/heathcliff26/cloudflare-dyndns/pkg/server/utils.go:56.2,56.24 1 1
github.com/heathcliff26/cloudflare-dyndns/pkg/server/utils.go:56.24,58.3 1 1
github.com/heathcliff26/cloudflare-dyndns/pkg/server/utils.go:59.2,59.25 1 1
github.com/heathcliff26/cloudflare-dyndns/pkg/server/utils.go:59.25,63.17 4 1
github.com/heathcliff26/cloudflare-dyndns/pkg/server/utils.go:63.17,65.4 1 1
github.com/heathcliff26/cloudflare-dyndns/pkg/server/utils.go:67.2,67.12 1 1
github.com/heathcliff26/cloudflare-dyndns/pkg/version/version.go:15.34,19.48 1 1
github.com/heathcliff26/cloudflare-dyndns/pkg/version/version.go:19.48,21.4 1 0
github.com/heathcliff26/cloudflare-dyndns/pkg/version/version.go:24.2,24.65 1 1
github.com/heathcliff26/cloudflare-dyndns/pkg/version/version.go:24.66,24.67 0 0
github.com/heathcliff26/cloudflare-dyndns/pkg/version/version.go:26.2,26.12 1 1
github.com/heathcliff26/cloudflare-dyndns/pkg/version/version.go:29.23,32.42 3 1
github.com/heathcliff26/cloudflare-dyndns/pkg/version/version.go:32.42,33.33 1 0
github.com/heathcliff26/cloudflare-dyndns/pkg/version/version.go:33.33,35.9 2 0
github.com/heathcliff26/cloudflare-dyndns/pkg/version/version.go:38.2,38.21 1 1
github.com/heathcliff26/cloudflare-dyndns/pkg/version/version.go:38.21,40.3 1 0
github.com/heathcliff26/cloudflare-dyndns/pkg/version/version.go:40.8,40.25 1 1
github.com/heathcliff26/cloudflare-dyndns/pkg/version/version.go:40.25,42.3 1 1
github.com/heathcliff26/cloudflare-dyndns/pkg/version/version.go:44.2,49.15 5 1
